No configuration for route "/characters/:id" found. Skipping

----------------------------------
Using stored unhandled routes!.
   To discover new routes in the angular app use "npm run scully -- --scanRoutes"
----------------------------------****************************************************************************************
This is a development tool for Scully applications.
You can ignore the warning (TLS) or run scully with --no-warning
****************************************************************************************


----------------------------------
Using stored unhandled routes!.
   To discover new routes in the angular app use "npm run scully -- --scanRoutes"
----------------------------------****************************************************************************************
This is a development tool for Scully applications.
You can ignore the warning (TLS) or run scully with --no-warning
****************************************************************************************


----------------------------------
Using stored unhandled routes!.
   To discover new routes in the angular app use "npm run scully -- --scanRoutes"
----------------------------------****************************************************************************************
This is a development tool for Scully applications.
You can ignore the warning (TLS) or run scully with --no-warning
****************************************************************************************


----------------------------------
Using stored unhandled routes!.
   To discover new routes in the angular app use "npm run scully -- --scanRoutes"
----------------------------------****************************************************************************************
This is a development tool for Scully applications.
You can ignore the warning (TLS) or run scully with --no-warning
****************************************************************************************


----------------------------------
Using stored unhandled routes!.
   To discover new routes in the angular app use "npm run scully -- --scanRoutes"
----------------------------------****************************************************************************************
This is a development tool for Scully applications.
You can ignore the warning (TLS) or run scully with --no-warning
****************************************************************************************


----------------------------------
Using stored unhandled routes!.
   To discover new routes in the angular app use "npm run scully -- --scanRoutes"
----------------------------------****************************************************************************************
This is a development tool for Scully applications.
You can ignore the warning (TLS) or run scully with --no-warning
****************************************************************************************

Puppeteer error while rendering "/characters/1"
TimeoutError: Navigation timeout of 30000 ms exceeded
 we will retry rendering this page up to 3 times.Puppeteer error while rendering ""
TimeoutError: Navigation timeout of 30000 ms exceeded
 we will retry rendering this page up to 3 times.

Puppeteer error while rendering "/characters"
TimeoutError: Navigation timeout of 30000 ms exceeded
 we will retry rendering this page up to 3 times.
Puppeteer error while rendering "/characters/3"
TimeoutError: Navigation timeout of 30000 ms exceeded
 we will retry rendering this page up to 3 times.
Puppeteer error while rendering "/characters/5"
TimeoutError: Navigation timeout of 30000 ms exceeded
 we will retry rendering this page up to 3 times.
Puppeteer error while rendering "/characters/2"
TimeoutError: Navigation timeout of 30000 ms exceeded
 we will retry rendering this page up to 3 times.
Puppeteer error while rendering "/characters/4"
TimeoutError: Navigation timeout of 30000 ms exceeded
 we will retry rendering this page up to 3 times.
Puppeteer error while rendering "/characters/6"
TimeoutError: Navigation timeout of 30000 ms exceeded
 we will retry rendering this page up to 3 times.Puppeteer error while rendering "/characters/7"
TimeoutError: Navigation timeout of 30000 ms exceeded
 we will retry rendering this page up to 3 times.Puppeteer error while rendering "/characters/8"
TimeoutError: Navigation timeout of 30000 ms exceeded
 we will retry rendering this page up to 3 times.Puppeteer error while rendering "/characters/10"
TimeoutError: Navigation timeout of 30000 ms exceeded
 we will retry rendering this page up to 3 times.Puppeteer error while rendering "/characters/9"
TimeoutError: Navigation timeout of 30000 ms exceeded
 we will retry rendering this page up to 3 times.Puppeteer error while rendering "/about"
TimeoutError: Navigation timeout of 30000 ms exceeded
 we will retry rendering this page up to 3 times.





Puppeteer error while rendering "/characters/5"
TimeoutError: Navigation timeout of 30000 ms exceeded
 we will retry rendering this page up to 3 times.
Puppeteer error while rendering "/characters/1"
TimeoutError: Navigation timeout of 30000 ms exceeded
 we will retry rendering this page up to 3 times.
Puppeteer error while rendering ""
TimeoutError: Navigation timeout of 30000 ms exceeded
 we will retry rendering this page up to 3 times.
Puppeteer error while rendering "/characters"
TimeoutError: Navigation timeout of 30000 ms exceeded
 we will retry rendering this page up to 3 times.
Puppeteer error while rendering "/characters/3"
TimeoutError: Navigation timeout of 30000 ms exceeded
 we will retry rendering this page up to 3 times.Puppeteer error while rendering "/characters/2"
TimeoutError: Navigation timeout of 30000 ms exceeded
 we will retry rendering this page up to 3 times.

Puppeteer error while rendering "/characters/4"
TimeoutError: Navigation timeout of 30000 ms exceeded
 we will retry rendering this page up to 3 times.
Puppeteer error while rendering "/characters/10"
TimeoutError: Navigation timeout of 30000 ms exceeded
 we will retry rendering this page up to 3 times.
Puppeteer error while rendering "/characters/6"
TimeoutError: Navigation timeout of 30000 ms exceeded
 we will retry rendering this page up to 3 times.
Puppeteer error while rendering "/characters/9"
TimeoutError: Navigation timeout of 30000 ms exceeded
 we will retry rendering this page up to 3 times.
Puppeteer error while rendering "/characters/8"
TimeoutError: Navigation timeout of 30000 ms exceeded
 we will retry rendering this page up to 3 times.
Puppeteer error while rendering "/characters/7"
TimeoutError: Navigation timeout of 30000 ms exceeded
 we will retry rendering this page up to 3 times.
Puppeteer error while rendering "/about"
TimeoutError: Navigation timeout of 30000 ms exceeded
 we will retry rendering this page up to 3 times.
Puppeteer error while rendering "/characters/3"
TimeoutError: Navigation timeout of 30000 ms exceeded
 we will retry rendering this page up to 3 times.
Puppeteer error while rendering "/characters/5"
TimeoutError: Navigation timeout of 30000 ms exceeded
 we will retry rendering this page up to 3 times.
Puppeteer error while rendering "/characters/1"
TimeoutError: Navigation timeout of 30000 ms exceeded
 we will retry rendering this page up to 3 times.
Puppeteer error while rendering ""
TimeoutError: Navigation timeout of 30000 ms exceeded
 we will retry rendering this page up to 3 times.
Puppeteer error while rendering "/characters"
TimeoutError: Navigation timeout of 30000 ms exceeded
 we will retry rendering this page up to 3 times.
Puppeteer error while rendering "/characters/2"
TimeoutError: Navigation timeout of 30000 ms exceeded
 we will retry rendering this page up to 3 times.
Puppeteer error while rendering "/characters/4"
TimeoutError: Navigation timeout of 30000 ms exceeded
 we will retry rendering this page up to 3 times.
Puppeteer error while rendering "/characters/8"
TimeoutError: Navigation timeout of 30000 ms exceeded
 we will retry rendering this page up to 3 times.
Puppeteer error while rendering "/characters/10"
TimeoutError: Navigation timeout of 30000 ms exceeded
 we will retry rendering this page up to 3 times.
Puppeteer error while rendering "/characters/6"
TimeoutError: Navigation timeout of 30000 ms exceeded
 we will retry rendering this page up to 3 times.
Puppeteer error while rendering "/characters/7"
TimeoutError: Navigation timeout of 30000 ms exceeded
 we will retry rendering this page up to 3 times.
Puppeteer error while rendering "/characters/9"
TimeoutError: Navigation timeout of 30000 ms exceeded
 we will retry rendering this page up to 3 times.
Puppeteer error while rendering "/about"
TimeoutError: Navigation timeout of 30000 ms exceeded
 we will retry rendering this page up to 3 times.

----------------------------------
Using stored unhandled routes!.
   To discover new routes in the angular app use "npm run scully -- --scanRoutes"
----------------------------------****************************************************************************************
This is a development tool for Scully applications.
You can ignore the warning (TLS) or run scully with --no-warning
****************************************************************************************


----------------------------------
Using stored unhandled routes!.
   To discover new routes in the angular app use "npm run scully -- --scanRoutes"
----------------------------------****************************************************************************************
This is a development tool for Scully applications.
You can ignore the warning (TLS) or run scully with --no-warning
****************************************************************************************


----------------------------------
Using stored unhandled routes!.
   To discover new routes in the angular app use "npm run scully -- --scanRoutes"
----------------------------------****************************************************************************************
This is a development tool for Scully applications.
You can ignore the warning (TLS) or run scully with --no-warning
****************************************************************************************


----------------------------------
Using stored unhandled routes!.
   To discover new routes in the angular app use "npm run scully -- --scanRoutes"
----------------------------------****************************************************************************************
This is a development tool for Scully applications.
You can ignore the warning (TLS) or run scully with --no-warning
****************************************************************************************


----------------------------------
Using stored unhandled routes!.
   To discover new routes in the angular app use "npm run scully -- --scanRoutes"
----------------------------------****************************************************************************************
This is a development tool for Scully applications.
You can ignore the warning (TLS) or run scully with --no-warning
****************************************************************************************


----------------------------------
Using stored unhandled routes!.
   To discover new routes in the angular app use "npm run scully -- --scanRoutes"
----------------------------------****************************************************************************************
This is a development tool for Scully applications.
You can ignore the warning (TLS) or run scully with --no-warning
****************************************************************************************


----------------------------------
Using stored unhandled routes!.
   To discover new routes in the angular app use "npm run scully -- --scanRoutes"
----------------------------------****************************************************************************************
This is a development tool for Scully applications.
You can ignore the warning (TLS) or run scully with --no-warning
****************************************************************************************


----------------------------------
Using stored unhandled routes!.
   To discover new routes in the angular app use "npm run scully -- --scanRoutes"
----------------------------------****************************************************************************************
This is a development tool for Scully applications.
You can ignore the warning (TLS) or run scully with --no-warning
****************************************************************************************


----------------------------------
Using stored unhandled routes!.
   To discover new routes in the angular app use "npm run scully -- --scanRoutes"
----------------------------------****************************************************************************************
This is a development tool for Scully applications.
You can ignore the warning (TLS) or run scully with --no-warning
****************************************************************************************


----------------------------------
Using stored unhandled routes!.
   To discover new routes in the angular app use "npm run scully -- --scanRoutes"
----------------------------------****************************************************************************************
This is a development tool for Scully applications.
You can ignore the warning (TLS) or run scully with --no-warning
****************************************************************************************


----------------------------------
Using stored unhandled routes!.
   To discover new routes in the angular app use "npm run scully -- --scanRoutes"
----------------------------------****************************************************************************************
This is a development tool for Scully applications.
You can ignore the warning (TLS) or run scully with --no-warning
****************************************************************************************


----------------------------------
Using stored unhandled routes!.
   To discover new routes in the angular app use "npm run scully -- --scanRoutes"
----------------------------------No configuration for route "/characters/:id" found. Skipping


----------------------------------
Using stored unhandled routes!.
   To discover new routes in the angular app use "npm run scully -- --scanRoutes"
----------------------------------No configuration for route "/characters/:id" found. Skipping

****************************************************************************************
This is a development tool for Scully applications.
You can ignore the warning (TLS) or run scully with --no-warning
****************************************************************************************
No configuration for route "/starships/:id" found. SkippingNo configuration for route "/vehicles/:id" found. SkippingNo configuration for route "/films/:id" found. Skipping


****************************************************************************************
This is a development tool for Scully applications.
You can ignore the warning (TLS) or run scully with --no-warning
****************************************************************************************
No configuration for route "/starships/:id" found. SkippingNo configuration for route "/vehicles/:id" found. SkippingNo configuration for route "/films/:id" found. Skipping



----------------------------------
Using stored unhandled routes!.
   To discover new routes in the angular app use "npm run scully -- --scanRoutes"
----------------------------------****************************************************************************************
This is a development tool for Scully applications.
You can ignore the warning (TLS) or run scully with --no-warning
****************************************************************************************

No configuration for route "/starships/:id" found. SkippingNo configuration for route "/vehicles/:id" found. SkippingNo configuration for route "/films/:id" found. Skipping



----------------------------------
Using stored unhandled routes!.
   To discover new routes in the angular app use "npm run scully -- --scanRoutes"
----------------------------------****************************************************************************************
This is a development tool for Scully applications.
You can ignore the warning (TLS) or run scully with --no-warning
****************************************************************************************

No configuration for route "/starships/:id" found. SkippingNo configuration for route "/vehicles/:id" found. SkippingNo configuration for route "/films/:id" found. Skipping



----------------------------------
Using stored unhandled routes!.
   To discover new routes in the angular app use "npm run scully -- --scanRoutes"
----------------------------------****************************************************************************************
This is a development tool for Scully applications.
You can ignore the warning (TLS) or run scully with --no-warning
****************************************************************************************

No configuration for route "/starships/:id" found. SkippingNo configuration for route "/vehicles/:id" found. SkippingNo configuration for route "/films/:id" found. Skipping


Using deprecated plugin type:"render"  use "postProcessByHtml" instead
Using deprecated plugin type:"render"  use "postProcessByHtml" insteadUsing deprecated plugin type:"render"  use "postProcessByHtml" instead
****************************************************************************************
This is a development tool for Scully applications.
You can ignore the warning (TLS) or run scully with --no-warning
****************************************************************************************
----------------------------------
Using stored unhandled routes!.
   To discover new routes in the angular app use "npm run scully -- --scanRoutes"
----------------------------------****************************************************************************************
This is a development tool for Scully applications.
You can ignore the warning (TLS) or run scully with --no-warning
****************************************************************************************

No configuration for route "/starships/:id" found. SkippingNo configuration for route "/vehicles/:id" found. SkippingNo configuration for route "/films/:id" found. Skipping



----------------------------------
Using stored unhandled routes!.
   To discover new routes in the angular app use "npm run scully -- --scanRoutes"
----------------------------------****************************************************************************************
This is a development tool for Scully applications.
You can ignore the warning (TLS) or run scully with --no-warning
****************************************************************************************

No configuration for route "/starships/:id" found. SkippingNo configuration for route "/vehicles/:id" found. SkippingNo configuration for route "/films/:id" found. Skipping


